2026-06-23 22:39:48,642 [ERROR] GTK cannot be loaded
Traceback (most recent call last):
  File "/media/janmejay/84BAC559BAC547FE1/Hackathon/H2S/Hackathon_Dump1-main/Hackathon_Dump1/.venv/lib/python3.12/site-packages/webview/guilib.py", line 39, in import_gtk
    import webview.platforms.gtk as guilib
  File "/media/janmejay/84BAC559BAC547FE1/Hackathon/H2S/Hackathon_Dump1-main/Hackathon_Dump1/.venv/lib/python3.12/site-packages/webview/platforms/gtk.py", line 28, in <module>
    import gi  # noqa: E402
    ^^^^^^^^^
ModuleNotFoundError: No module named 'gi'
2026-06-23 23:15:21,380 [ERROR] GTK cannot be loaded
Traceback (most recent call last):
  File "/media/janmejay/84BAC559BAC547FE1/Hackathon/H2S/Hackathon_Dump1-main/Hackathon_Dump1/.venv/lib/python3.12/site-packages/webview/guilib.py", line 39, in import_gtk
    import webview.platforms.gtk as guilib
  File "/media/janmejay/84BAC559BAC547FE1/Hackathon/H2S/Hackathon_Dump1-main/Hackathon_Dump1/.venv/lib/python3.12/site-packages/webview/platforms/gtk.py", line 28, in <module>
    import gi  # noqa: E402
    ^^^^^^^^^
ModuleNotFoundError: No module named 'gi'
2026-06-23 23:16:47,888 [ERROR] GTK cannot be loaded
Traceback (most recent call last):
  File "/media/janmejay/84BAC559BAC547FE1/Hackathon/H2S/Hackathon_Dump1-main/Hackathon_Dump1/.venv/lib/python3.12/site-packages/webview/guilib.py", line 39, in import_gtk
    import webview.platforms.gtk as guilib
  File "/media/janmejay/84BAC559BAC547FE1/Hackathon/H2S/Hackathon_Dump1-main/Hackathon_Dump1/.venv/lib/python3.12/site-packages/webview/platforms/gtk.py", line 28, in <module>
    import gi  # noqa: E402
    ^^^^^^^^^
ModuleNotFoundError: No module named 'gi'
2026-06-23 23:51:43,889 [ERROR] Error while processing window.native.bin: unable to get the value
2026-06-23 23:51:43,889 [ERROR] Error while processing window.native.container: unable to get the value
2026-06-23 23:51:43,890 [ERROR] Error while processing window.native.parent_instance: unable to get the value
2026-06-23 23:51:43,891 [ERROR] Error while processing window.native.widget: unable to get the value
2026-06-23 23:51:46,809 [ERROR] Traceback (most recent call last):
  File "/media/janmejay/84BAC559BAC547FE1/Hackathon/test/Hackathon_Dump1/.venv/lib/python3.12/site-packages/webview/util.py", line 255, in _call
    result = func(*func_params)
             ^^^^^^^^^^^^^^^^^^
  File "/media/janmejay/84BAC559BAC547FE1/Hackathon/test/Hackathon_Dump1/main.py", line 81, in open_file_dialog
    result = self.window.create_file_dialog(
             ^^^^^^^^^^^^^^^^^^^^^^^^^^^^^^^
  File "/media/janmejay/84BAC559BAC547FE1/Hackathon/test/Hackathon_Dump1/.venv/lib/python3.12/site-packages/webview/window.py", line 49, in wrapper
    return function(self, *args, **kwargs)
           ^^^^^^^^^^^^^^^^^^^^^^^^^^^^^^^
  File "/media/janmejay/84BAC559BAC547FE1/Hackathon/test/Hackathon_Dump1/.venv/lib/python3.12/site-packages/webview/window.py", line 539, in create_file_dialog
    parse_file_type(f)
  File "/media/janmejay/84BAC559BAC547FE1/Hackathon/test/Hackathon_Dump1/.venv/lib/python3.12/site-packages/webview/util.py", line 165, in parse_file_type
    raise ValueError(f'{file_type} is not a valid file filter')
ValueError: JSON / JSONL files (*.json;*.jsonl) is not a valid file filter

2026-06-23 23:51:48,819 [ERROR] Traceback (most recent call last):
  File "/media/janmejay/84BAC559BAC547FE1/Hackathon/test/Hackathon_Dump1/.venv/lib/python3.12/site-packages/webview/util.py", line 255, in _call
    result = func(*func_params)
             ^^^^^^^^^^^^^^^^^^
  File "/media/janmejay/84BAC559BAC547FE1/Hackathon/test/Hackathon_Dump1/main.py", line 81, in open_file_dialog
    result = self.window.create_file_dialog(
             ^^^^^^^^^^^^^^^^^^^^^^^^^^^^^^^
  File "/media/janmejay/84BAC559BAC547FE1/Hackathon/test/Hackathon_Dump1/.venv/lib/python3.12/site-packages/webview/window.py", line 49, in wrapper
    return function(self, *args, **kwargs)
           ^^^^^^^^^^^^^^^^^^^^^^^^^^^^^^^
  File "/media/janmejay/84BAC559BAC547FE1/Hackathon/test/Hackathon_Dump1/.venv/lib/python3.12/site-packages/webview/window.py", line 539, in create_file_dialog
    parse_file_type(f)
  File "/media/janmejay/84BAC559BAC547FE1/Hackathon/test/Hackathon_Dump1/.venv/lib/python3.12/site-packages/webview/util.py", line 165, in parse_file_type
    raise ValueError(f'{file_type} is not a valid file filter')
ValueError: JSON / JSONL files (*.json;*.jsonl) is not a valid file filter

2026-06-23 23:51:49,036 [ERROR] Traceback (most recent call last):
  File "/media/janmejay/84BAC559BAC547FE1/Hackathon/test/Hackathon_Dump1/.venv/lib/python3.12/site-packages/webview/util.py", line 255, in _call
    result = func(*func_params)
             ^^^^^^^^^^^^^^^^^^
  File "/media/janmejay/84BAC559BAC547FE1/Hackathon/test/Hackathon_Dump1/main.py", line 81, in open_file_dialog
    result = self.window.create_file_dialog(
             ^^^^^^^^^^^^^^^^^^^^^^^^^^^^^^^
  File "/media/janmejay/84BAC559BAC547FE1/Hackathon/test/Hackathon_Dump1/.venv/lib/python3.12/site-packages/webview/window.py", line 49, in wrapper
    return function(self, *args, **kwargs)
           ^^^^^^^^^^^^^^^^^^^^^^^^^^^^^^^
  File "/media/janmejay/84BAC559BAC547FE1/Hackathon/test/Hackathon_Dump1/.venv/lib/python3.12/site-packages/webview/window.py", line 539, in create_file_dialog
    parse_file_type(f)
  File "/media/janmejay/84BAC559BAC547FE1/Hackathon/test/Hackathon_Dump1/.venv/lib/python3.12/site-packages/webview/util.py", line 165, in parse_file_type
    raise ValueError(f'{file_type} is not a valid file filter')
ValueError: JSON / JSONL files (*.json;*.jsonl) is not a valid file filter

2026-06-23 23:51:49,217 [ERROR] Traceback (most recent call last):
  File "/media/janmejay/84BAC559BAC547FE1/Hackathon/test/Hackathon_Dump1/.venv/lib/python3.12/site-packages/webview/util.py", line 255, in _call
    result = func(*func_params)
             ^^^^^^^^^^^^^^^^^^
  File "/media/janmejay/84BAC559BAC547FE1/Hackathon/test/Hackathon_Dump1/main.py", line 81, in open_file_dialog
    result = self.window.create_file_dialog(
             ^^^^^^^^^^^^^^^^^^^^^^^^^^^^^^^
  File "/media/janmejay/84BAC559BAC547FE1/Hackathon/test/Hackathon_Dump1/.venv/lib/python3.12/site-packages/webview/window.py", line 49, in wrapper
    return function(self, *args, **kwargs)
           ^^^^^^^^^^^^^^^^^^^^^^^^^^^^^^^
  File "/media/janmejay/84BAC559BAC547FE1/Hackathon/test/Hackathon_Dump1/.venv/lib/python3.12/site-packages/webview/window.py", line 539, in create_file_dialog
    parse_file_type(f)
  File "/media/janmejay/84BAC559BAC547FE1/Hackathon/test/Hackathon_Dump1/.venv/lib/python3.12/site-packages/webview/util.py", line 165, in parse_file_type
    raise ValueError(f'{file_type} is not a valid file filter')
ValueError: JSON / JSONL files (*.json;*.jsonl) is not a valid file filter

2026-06-23 23:54:41,971 [ERROR] Error while processing window.native.bin: unable to get the value
2026-06-23 23:54:41,972 [ERROR] Error while processing window.native.container: unable to get the value
2026-06-23 23:54:41,973 [ERROR] Error while processing window.native.parent_instance: unable to get the value
2026-06-23 23:54:41,974 [ERROR] Error while processing window.native.widget: unable to get the value
2026-06-23 23:54:43,746 [WARNING] OPEN_DIALOG is deprecated and will be removed in a future version. Use 'FileDialog.OPEN' instead.
2026-06-23 23:54:43,746 [WARNING] OPEN_DIALOG is deprecated and will be removed in a future version. Use 'FileDialog.OPEN' instead.
2026-06-23 23:54:43,857 [WARNING] OPEN_DIALOG is deprecated and will be removed in a future version. Use 'FileDialog.OPEN' instead.
2026-06-23 23:54:48,276 [WARNING] OPEN_DIALOG is deprecated and will be removed in a future version. Use 'FileDialog.OPEN' instead.
2026-06-23 23:54:48,322 [INFO] Ranking started — /media/janmejay/84BAC559BAC547FE1/Hackathon/test/Hackathon_Dump1/candidates.jsonl
2026-06-23 23:54:52,673 [WARNING] OPEN_DIALOG is deprecated and will be removed in a future version. Use 'FileDialog.OPEN' instead.
2026-06-23 23:54:52,709 [WARNING] OPEN_DIALOG is deprecated and will be removed in a future version. Use 'FileDialog.OPEN' instead.
2026-06-23 23:54:52,800 [WARNING] OPEN_DIALOG is deprecated and will be removed in a future version. Use 'FileDialog.OPEN' instead.
2026-06-23 23:54:56,840 [WARNING] OPEN_DIALOG is deprecated and will be removed in a future version. Use 'FileDialog.OPEN' instead.
2026-06-23 23:54:56,852 [INFO] Ranking started — /media/janmejay/84BAC559BAC547FE1/Hackathon/test/Hackathon_Dump1/candidates.jsonl
2026-06-23 23:55:01,546 [ERROR] Ranking failed: '<' not supported between instances of 'dict' and 'dict'
multiprocessing.pool.RemoteTraceback: 
"""
Traceback (most recent call last):
  File "/usr/lib/python3.12/multiprocessing/pool.py", line 125, in worker
    result = (True, func(*args, **kwds))
                    ^^^^^^^^^^^^^^^^^^^
  File "/usr/lib/python3.12/multiprocessing/pool.py", line 48, in mapstar
    return list(map(*args))
           ^^^^^^^^^^^^^^^^
  File "/media/janmejay/84BAC559BAC547FE1/Hackathon/test/Hackathon_Dump1/ranker.py", line 19, in process_batch
    heapq.heappush(top500, (candidate_score, candidate))
TypeError: '<' not supported between instances of 'dict' and 'dict'
"""

The above exception was the direct cause of the following exception:

Traceback (most recent call last):
  File "/media/janmejay/84BAC559BAC547FE1/Hackathon/test/Hackathon_Dump1/main.py", line 138, in _run_ranking
    results = pool.map(worker, batches)
              ^^^^^^^^^^^^^^^^^^^^^^^^^
  File "/usr/lib/python3.12/multiprocessing/pool.py", line 367, in map
    return self._map_async(func, iterable, mapstar, chunksize).get()
           ^^^^^^^^^^^^^^^^^^^^^^^^^^^^^^^^^^^^^^^^^^^^^^^^^^^^^^^^^
  File "/usr/lib/python3.12/multiprocessing/pool.py", line 774, in get
    raise self._value
TypeError: '<' not supported between instances of 'dict' and 'dict'
2026-06-23 23:55:14,952 [ERROR] Ranking failed: '<' not supported between instances of 'dict' and 'dict'
multiprocessing.pool.RemoteTraceback: 
"""
Traceback (most recent call last):
  File "/usr/lib/python3.12/multiprocessing/pool.py", line 125, in worker
    result = (True, func(*args, **kwds))
                    ^^^^^^^^^^^^^^^^^^^
  File "/usr/lib/python3.12/multiprocessing/pool.py", line 48, in mapstar
    return list(map(*args))
           ^^^^^^^^^^^^^^^^
  File "/media/janmejay/84BAC559BAC547FE1/Hackathon/test/Hackathon_Dump1/ranker.py", line 19, in process_batch
    heapq.heappush(top500, (candidate_score, candidate))
TypeError: '<' not supported between instances of 'dict' and 'dict'
"""

The above exception was the direct cause of the following exception:

Traceback (most recent call last):
  File "/media/janmejay/84BAC559BAC547FE1/Hackathon/test/Hackathon_Dump1/main.py", line 138, in _run_ranking
    results = pool.map(worker, batches)
              ^^^^^^^^^^^^^^^^^^^^^^^^^
  File "/usr/lib/python3.12/multiprocessing/pool.py", line 367, in map
    return self._map_async(func, iterable, mapstar, chunksize).get()
           ^^^^^^^^^^^^^^^^^^^^^^^^^^^^^^^^^^^^^^^^^^^^^^^^^^^^^^^^^
  File "/usr/lib/python3.12/multiprocessing/pool.py", line 774, in get
    raise self._value
TypeError: '<' not supported between instances of 'dict' and 'dict'
2026-06-24 00:04:17,358 [ERROR] Error while processing window.native.bin: unable to get the value
2026-06-24 00:04:17,358 [ERROR] Error while processing window.native.container: unable to get the value
2026-06-24 00:04:17,359 [ERROR] Error while processing window.native.parent_instance: unable to get the value
2026-06-24 00:04:17,360 [ERROR] Error while processing window.native.widget: unable to get the value
2026-06-24 00:04:19,143 [WARNING] OPEN_DIALOG is deprecated and will be removed in a future version. Use 'FileDialog.OPEN' instead.
2026-06-24 00:04:19,143 [WARNING] OPEN_DIALOG is deprecated and will be removed in a future version. Use 'FileDialog.OPEN' instead.
2026-06-24 00:04:19,236 [WARNING] OPEN_DIALOG is deprecated and will be removed in a future version. Use 'FileDialog.OPEN' instead.
2026-06-24 00:04:22,128 [WARNING] OPEN_DIALOG is deprecated and will be removed in a future version. Use 'FileDialog.OPEN' instead.
2026-06-24 00:04:22,146 [INFO] Ranking started — /media/janmejay/84BAC559BAC547FE1/Hackathon/test/Hackathon_Dump1/candidates.jsonl
2026-06-24 00:04:32,048 [INFO] Ranking started — /media/janmejay/84BAC559BAC547FE1/Hackathon/test/Hackathon_Dump1/candidates.jsonl
2026-06-24 00:04:32,054 [INFO] Ranking started — /media/janmejay/84BAC559BAC547FE1/Hackathon/test/Hackathon_Dump1/candidates.jsonl
2026-06-24 00:04:33,639 [WARNING] OPEN_DIALOG is deprecated and will be removed in a future version. Use 'FileDialog.OPEN' instead.
2026-06-24 00:04:33,640 [WARNING] OPEN_DIALOG is deprecated and will be removed in a future version. Use 'FileDialog.OPEN' instead.
2026-06-24 00:04:33,666 [WARNING] OPEN_DIALOG is deprecated and will be removed in a future version. Use 'FileDialog.OPEN' instead.
2026-06-24 00:04:35,459 [INFO] Done — 100 ranked, saved to /media/janmejay/84BAC559BAC547FE1/Hackathon/test/Hackathon_Dump1/output/top100_20260624_000435.csv
2026-06-24 00:04:36,694 [WARNING] OPEN_DIALOG is deprecated and will be removed in a future version. Use 'FileDialog.OPEN' instead.
2026-06-24 00:04:37,109 [INFO] Ranking started — /media/janmejay/84BAC559BAC547FE1/Hackathon/test/Hackathon_Dump1/sample_candidates.json
2026-06-24 00:04:40,377 [INFO] Done — 50 ranked, saved to /media/janmejay/84BAC559BAC547FE1/Hackathon/test/Hackathon_Dump1/output/top100_20260624_000440.csv
2026-06-24 00:04:49,952 [INFO] Done — 100 ranked, saved to /media/janmejay/84BAC559BAC547FE1/Hackathon/test/Hackathon_Dump1/output/top100_20260624_000449.csv
2026-06-24 00:04:59,580 [INFO] Done — 100 ranked, saved to /media/janmejay/84BAC559BAC547FE1/Hackathon/test/Hackathon_Dump1/output/top100_20260624_000459.csv
2026-06-24 00:07:37,861 [ERROR] Error while processing window.native.bin: unable to get the value
2026-06-24 00:07:37,861 [ERROR] Error while processing window.native.container: unable to get the value
2026-06-24 00:07:37,862 [ERROR] Error while processing window.native.parent_instance: unable to get the value
2026-06-24 00:07:37,862 [ERROR] Error while processing window.native.widget: unable to get the value
2026-06-24 00:07:39,842 [WARNING] OPEN_DIALOG is deprecated and will be removed in a future version. Use 'FileDialog.OPEN' instead.
2026-06-24 00:07:39,842 [WARNING] OPEN_DIALOG is deprecated and will be removed in a future version. Use 'FileDialog.OPEN' instead.
2026-06-24 00:07:39,909 [WARNING] OPEN_DIALOG is deprecated and will be removed in a future version. Use 'FileDialog.OPEN' instead.
2026-06-24 00:07:45,149 [WARNING] OPEN_DIALOG is deprecated and will be removed in a future version. Use 'FileDialog.OPEN' instead.
2026-06-24 00:07:45,156 [INFO] Ranking started — /media/janmejay/84BAC559BAC547FE1/Hackathon/test/Hackathon_Dump1/candidates.jsonl
2026-06-24 00:07:49,985 [INFO] Ranking started — /media/janmejay/84BAC559BAC547FE1/Hackathon/test/Hackathon_Dump1/candidates.jsonl
2026-06-24 00:07:58,476 [INFO] Done — 100 ranked, saved to /media/janmejay/84BAC559BAC547FE1/Hackathon/test/Hackathon_Dump1/output/top100_20260624_000757.csv
2026-06-24 00:08:09,508 [INFO] Done — 100 ranked, saved to /media/janmejay/84BAC559BAC547FE1/Hackathon/test/Hackathon_Dump1/output/top100_20260624_000809.csv
2026-06-24 00:24:34,497 [ERROR] Error while processing window.native.bin: unable to get the value
2026-06-24 00:24:34,497 [ERROR] Error while processing window.native.container: unable to get the value
2026-06-24 00:24:34,499 [ERROR] Error while processing window.native.parent_instance: unable to get the value
2026-06-24 00:24:34,500 [ERROR] Error while processing window.native.widget: unable to get the value
2026-06-24 00:24:36,660 [WARNING] OPEN_DIALOG is deprecated and will be removed in a future version. Use 'FileDialog.OPEN' instead.
2026-06-24 00:24:36,660 [WARNING] OPEN_DIALOG is deprecated and will be removed in a future version. Use 'FileDialog.OPEN' instead.
2026-06-24 00:24:36,736 [WARNING] OPEN_DIALOG is deprecated and will be removed in a future version. Use 'FileDialog.OPEN' instead.
2026-06-24 00:24:40,533 [WARNING] OPEN_DIALOG is deprecated and will be removed in a future version. Use 'FileDialog.OPEN' instead.
2026-06-24 00:24:40,546 [INFO] Ranking started — /media/janmejay/84BAC559BAC547FE1/Hackathon/test/Hackathon_Dump1/candidates.jsonl
2026-06-24 00:24:43,387 [INFO] Ranking started — /media/janmejay/84BAC559BAC547FE1/Hackathon/test/Hackathon_Dump1/sample_candidates.json
2026-06-24 00:24:44,146 [INFO] Done — 50 ranked, saved to /media/janmejay/84BAC559BAC547FE1/Hackathon/test/Hackathon_Dump1/output/top100_20260624_002444.csv
2026-06-24 00:24:44,209 [INFO] Honeypots removed from top100: 23
2026-06-24 00:24:52,016 [INFO] Ranking started — /media/janmejay/84BAC559BAC547FE1/Hackathon/test/Hackathon_Dump1/candidates.jsonl
2026-06-24 00:24:53,455 [INFO] Ranking started — /media/janmejay/84BAC559BAC547FE1/Hackathon/test/Hackathon_Dump1/candidates.jsonl
2026-06-24 00:24:55,120 [INFO] Done — 100 ranked, saved to /media/janmejay/84BAC559BAC547FE1/Hackathon/test/Hackathon_Dump1/output/top100_20260624_002455.csv
2026-06-24 00:24:55,160 [INFO] Honeypots removed from top100: 9
2026-06-24 00:24:56,083 [WARNING] OPEN_DIALOG is deprecated and will be removed in a future version. Use 'FileDialog.OPEN' instead.
2026-06-24 00:24:56,083 [WARNING] OPEN_DIALOG is deprecated and will be removed in a future version. Use 'FileDialog.OPEN' instead.
2026-06-24 00:24:56,205 [WARNING] OPEN_DIALOG is deprecated and will be removed in a future version. Use 'FileDialog.OPEN' instead.
2026-06-24 00:25:07,400 [INFO] Done — 100 ranked, saved to /media/janmejay/84BAC559BAC547FE1/Hackathon/test/Hackathon_Dump1/output/top100_20260624_002507.csv
2026-06-24 00:25:07,432 [INFO] Honeypots removed from top100: 9
2026-06-24 00:25:15,273 [INFO] Ranking started — /media/janmejay/84BAC559BAC547FE1/Hackathon/test/Hackathon_Dump1/candidates.jsonl
2026-06-24 00:25:16,616 [INFO] Ranking started — /media/janmejay/84BAC559BAC547FE1/Hackathon/test/Hackathon_Dump1/candidates.jsonl
2026-06-24 00:25:18,973 [INFO] Ranking started — /media/janmejay/84BAC559BAC547FE1/Hackathon/test/Hackathon_Dump1/candidates.jsonl
2026-06-24 00:25:19,064 [INFO] Done — 100 ranked, saved to /media/janmejay/84BAC559BAC547FE1/Hackathon/test/Hackathon_Dump1/output/top100_20260624_002518.csv
2026-06-24 00:25:19,106 [INFO] Honeypots removed from top100: 9
2026-06-24 00:25:29,085 [INFO] Ranking started — /media/janmejay/84BAC559BAC547FE1/Hackathon/test/Hackathon_Dump1/candidates.jsonl
2026-06-24 00:25:30,757 [INFO] Ranking started — /media/janmejay/84BAC559BAC547FE1/Hackathon/test/Hackathon_Dump1/candidates.jsonl
2026-06-24 00:25:32,159 [INFO] Ranking started — /media/janmejay/84BAC559BAC547FE1/Hackathon/test/Hackathon_Dump1/candidates.jsonl
2026-06-24 00:25:32,832 [INFO] Done — 100 ranked, saved to /media/janmejay/84BAC559BAC547FE1/Hackathon/test/Hackathon_Dump1/output/top100_20260624_002532.csv
2026-06-24 00:25:32,864 [INFO] Honeypots removed from top100: 9
2026-06-24 00:25:43,738 [INFO] Done — 100 ranked, saved to /media/janmejay/84BAC559BAC547FE1/Hackathon/test/Hackathon_Dump1/output/top100_20260624_002543.csv
2026-06-24 00:25:43,757 [INFO] Honeypots removed from top100: 9
2026-06-24 00:25:45,772 [INFO] Ranking started — /media/janmejay/84BAC559BAC547FE1/Hackathon/test/Hackathon_Dump1/candidates.jsonl
2026-06-24 00:25:47,908 [INFO] Ranking started — /media/janmejay/84BAC559BAC547FE1/Hackathon/test/Hackathon_Dump1/candidates.jsonl
2026-06-24 00:25:58,625 [INFO] Done — 100 ranked, saved to /media/janmejay/84BAC559BAC547FE1/Hackathon/test/Hackathon_Dump1/output/top100_20260624_002558.csv
2026-06-24 00:25:58,653 [INFO] Honeypots removed from top100: 9
2026-06-24 00:26:03,901 [INFO] Ranking started — /media/janmejay/84BAC559BAC547FE1/Hackathon/test/Hackathon_Dump1/candidates.jsonl
2026-06-24 00:26:06,480 [INFO] Ranking started — /media/janmejay/84BAC559BAC547FE1/Hackathon/test/Hackathon_Dump1/candidates.jsonl
2026-06-24 00:26:15,757 [INFO] Done — 100 ranked, saved to /media/janmejay/84BAC559BAC547FE1/Hackathon/test/Hackathon_Dump1/output/top100_20260624_002615.csv
2026-06-24 00:26:15,782 [INFO] Honeypots removed from top100: 9
2026-06-24 00:26:35,122 [ERROR] Error while processing window.native.bin: unable to get the value
2026-06-24 00:26:35,123 [ERROR] Error while processing window.native.container: unable to get the value
2026-06-24 00:26:35,124 [ERROR] Error while processing window.native.parent_instance: unable to get the value
2026-06-24 00:26:35,125 [ERROR] Error while processing window.native.widget: unable to get the value
2026-06-24 00:26:38,015 [WARNING] OPEN_DIALOG is deprecated and will be removed in a future version. Use 'FileDialog.OPEN' instead.
2026-06-24 00:26:38,016 [WARNING] OPEN_DIALOG is deprecated and will be removed in a future version. Use 'FileDialog.OPEN' instead.
2026-06-24 00:26:38,101 [WARNING] OPEN_DIALOG is deprecated and will be removed in a future version. Use 'FileDialog.OPEN' instead.
2026-06-24 00:26:43,117 [WARNING] OPEN_DIALOG is deprecated and will be removed in a future version. Use 'FileDialog.OPEN' instead.
2026-06-24 00:26:43,127 [INFO] Ranking started — /media/janmejay/84BAC559BAC547FE1/Hackathon/test/Hackathon_Dump1/candidates.jsonl
2026-06-24 00:26:46,997 [INFO] Ranking started — /media/janmejay/84BAC559BAC547FE1/Hackathon/test/Hackathon_Dump1/candidates.jsonl
2026-06-24 00:26:54,027 [INFO] Ranking started — /media/janmejay/84BAC559BAC547FE1/Hackathon/test/Hackathon_Dump1/candidates.jsonl
2026-06-24 00:26:56,862 [INFO] Done — 100 ranked, saved to /media/janmejay/84BAC559BAC547FE1/Hackathon/test/Hackathon_Dump1/output/top100_20260624_002656.csv
2026-06-24 00:26:56,917 [INFO] Honeypots removed from top100: 9
2026-06-24 00:27:08,911 [INFO] Done — 100 ranked, saved to /media/janmejay/84BAC559BAC547FE1/Hackathon/test/Hackathon_Dump1/output/top100_20260624_002708.csv
2026-06-24 00:27:08,931 [INFO] Honeypots removed from top100: 9
2026-06-24 00:27:19,739 [INFO] Done — 100 ranked, saved to /media/janmejay/84BAC559BAC547FE1/Hackathon/test/Hackathon_Dump1/output/top100_20260624_002719.csv
2026-06-24 00:27:19,755 [INFO] Honeypots removed from top100: 9
2026-06-24 00:29:56,649 [ERROR] Error while processing window.native.bin: unable to get the value
2026-06-24 00:29:56,649 [ERROR] Error while processing window.native.container: unable to get the value
2026-06-24 00:29:56,650 [ERROR] Error while processing window.native.parent_instance: unable to get the value
2026-06-24 00:29:56,651 [ERROR] Error while processing window.native.widget: unable to get the value
2026-06-24 00:29:59,250 [WARNING] OPEN_DIALOG is deprecated and will be removed in a future version. Use 'FileDialog.OPEN' instead.
2026-06-24 00:29:59,250 [WARNING] OPEN_DIALOG is deprecated and will be removed in a future version. Use 'FileDialog.OPEN' instead.
2026-06-24 00:29:59,327 [WARNING] OPEN_DIALOG is deprecated and will be removed in a future version. Use 'FileDialog.OPEN' instead.
2026-06-24 00:30:03,960 [WARNING] OPEN_DIALOG is deprecated and will be removed in a future version. Use 'FileDialog.OPEN' instead.
2026-06-24 00:30:03,973 [INFO] Ranking started — /media/janmejay/84BAC559BAC547FE1/Hackathon/test/Hackathon_Dump1/candidates.jsonl
2026-06-24 00:30:06,672 [INFO] Ranking started — /media/janmejay/84BAC559BAC547FE1/Hackathon/test/Hackathon_Dump1/candidates.jsonl
2026-06-24 00:30:17,403 [INFO] Done — buffer 200, saved to /media/janmejay/84BAC559BAC547FE1/Hackathon/test/Hackathon_Dump1/output/top100_20260624_003017.csv
2026-06-24 00:30:17,471 [INFO] Honeypots removed: 18 → 100 clean candidates
2026-06-24 00:30:17,482 [ERROR] Ranking failed: name 'top100' is not defined
Traceback (most recent call last):
  File "/media/janmejay/84BAC559BAC547FE1/Hackathon/test/Hackathon_Dump1/main.py", line 168, in _run_ranking
    "total":    len(top100),
                    ^^^^^^
NameError: name 'top100' is not defined
2026-06-24 00:30:25,168 [INFO] Ranking started — /media/janmejay/84BAC559BAC547FE1/Hackathon/test/Hackathon_Dump1/candidates.jsonl
2026-06-24 00:30:28,663 [INFO] Ranking started — /media/janmejay/84BAC559BAC547FE1/Hackathon/test/Hackathon_Dump1/candidates.jsonl
2026-06-24 00:30:30,307 [WARNING] OPEN_DIALOG is deprecated and will be removed in a future version. Use 'FileDialog.OPEN' instead.
2026-06-24 00:30:30,316 [WARNING] OPEN_DIALOG is deprecated and will be removed in a future version. Use 'FileDialog.OPEN' instead.
2026-06-24 00:30:30,407 [WARNING] OPEN_DIALOG is deprecated and will be removed in a future version. Use 'FileDialog.OPEN' instead.
2026-06-24 00:30:30,716 [INFO] Done — buffer 200, saved to /media/janmejay/84BAC559BAC547FE1/Hackathon/test/Hackathon_Dump1/output/top100_20260624_003030.csv
2026-06-24 00:30:30,813 [INFO] Honeypots removed: 18 → 100 clean candidates
2026-06-24 00:30:30,814 [ERROR] Ranking failed: name 'top100' is not defined
Traceback (most recent call last):
  File "/media/janmejay/84BAC559BAC547FE1/Hackathon/test/Hackathon_Dump1/main.py", line 168, in _run_ranking
    "total":    len(top100),
                    ^^^^^^
NameError: name 'top100' is not defined
2026-06-24 00:30:42,717 [INFO] Done — buffer 200, saved to /media/janmejay/84BAC559BAC547FE1/Hackathon/test/Hackathon_Dump1/output/top100_20260624_003042.csv
2026-06-24 00:30:42,774 [INFO] Honeypots removed: 18 → 100 clean candidates
2026-06-24 00:30:42,774 [ERROR] Ranking failed: name 'top100' is not defined
Traceback (most recent call last):
  File "/media/janmejay/84BAC559BAC547FE1/Hackathon/test/Hackathon_Dump1/main.py", line 168, in _run_ranking
    "total":    len(top100),
                    ^^^^^^
NameError: name 'top100' is not defined
2026-06-24 00:30:54,858 [INFO] Done — buffer 200, saved to /media/janmejay/84BAC559BAC547FE1/Hackathon/test/Hackathon_Dump1/output/top100_20260624_003054.csv
2026-06-24 00:30:54,892 [INFO] Honeypots removed: 18 → 100 clean candidates
2026-06-24 00:30:54,892 [ERROR] Ranking failed: name 'top100' is not defined
Traceback (most recent call last):
  File "/media/janmejay/84BAC559BAC547FE1/Hackathon/test/Hackathon_Dump1/main.py", line 168, in _run_ranking
    "total":    len(top100),
                    ^^^^^^
NameError: name 'top100' is not defined
2026-06-24 00:35:26,781 [ERROR] Error while processing window.native.bin: unable to get the value
2026-06-24 00:35:26,782 [ERROR] Error while processing window.native.container: unable to get the value
2026-06-24 00:35:26,782 [ERROR] Error while processing window.native.parent_instance: unable to get the value
2026-06-24 00:35:26,783 [ERROR] Error while processing window.native.widget: unable to get the value
2026-06-24 00:35:31,654 [WARNING] OPEN_DIALOG is deprecated and will be removed in a future version. Use 'FileDialog.OPEN' instead.
2026-06-24 00:35:31,655 [WARNING] OPEN_DIALOG is deprecated and will be removed in a future version. Use 'FileDialog.OPEN' instead.
2026-06-24 00:35:31,731 [WARNING] OPEN_DIALOG is deprecated and will be removed in a future version. Use 'FileDialog.OPEN' instead.
2026-06-24 00:35:35,032 [WARNING] OPEN_DIALOG is deprecated and will be removed in a future version. Use 'FileDialog.OPEN' instead.
2026-06-24 00:35:35,047 [INFO] Ranking started — /media/janmejay/84BAC559BAC547FE1/Hackathon/test/Hackathon_Dump1/candidates.jsonl
2026-06-24 00:35:48,103 [INFO] Done — buffer 200, saved to /media/janmejay/84BAC559BAC547FE1/Hackathon/test/Hackathon_Dump1/output/top100_20260624_003548.csv
2026-06-24 00:35:48,145 [INFO] Honeypots removed: 18 → 100 clean candidates
2026-06-24 00:36:04,493 [INFO] Ranking started — /media/janmejay/84BAC559BAC547FE1/Hackathon/test/Hackathon_Dump1/candidates.jsonl
2026-06-24 00:36:17,628 [INFO] Done — buffer 200, saved to /media/janmejay/84BAC559BAC547FE1/Hackathon/test/Hackathon_Dump1/output/top100_20260624_003617.csv
2026-06-24 00:36:17,661 [INFO] Honeypots removed: 18 → 100 clean candidates
2026-06-24 00:36:33,633 [INFO] Ranking started — __preset_100k__
2026-06-24 00:36:33,634 [ERROR] Ranking failed: [Errno 2] No such file or directory: '__preset_100k__'
Traceback (most recent call last):
  File "/media/janmejay/84BAC559BAC547FE1/Hackathon/test/Hackathon_Dump1/main.py", line 133, in _run_ranking
    tmp_path = _to_jsonl(file_path)
               ^^^^^^^^^^^^^^^^^^^^
  File "/media/janmejay/84BAC559BAC547FE1/Hackathon/test/Hackathon_Dump1/main.py", line 55, in _to_jsonl
    with open(src, encoding="utf-8") as f:
         ^^^^^^^^^^^^^^^^^^^^^^^^^^^
FileNotFoundError: [Errno 2] No such file or directory: '__preset_100k__'
2026-06-24 00:37:39,526 [INFO] Ranking started — __preset_100k__
2026-06-24 00:37:39,526 [ERROR] Ranking failed: [Errno 2] No such file or directory: '__preset_100k__'
Traceback (most recent call last):
  File "/media/janmejay/84BAC559BAC547FE1/Hackathon/test/Hackathon_Dump1/main.py", line 133, in _run_ranking
    tmp_path = _to_jsonl(file_path)
               ^^^^^^^^^^^^^^^^^^^^
  File "/media/janmejay/84BAC559BAC547FE1/Hackathon/test/Hackathon_Dump1/main.py", line 55, in _to_jsonl
    with open(src, encoding="utf-8") as f:
         ^^^^^^^^^^^^^^^^^^^^^^^^^^^
FileNotFoundError: [Errno 2] No such file or directory: '__preset_100k__'
2026-06-24 00:41:25,914 [ERROR] Error while processing window.native.bin: unable to get the value
2026-06-24 00:41:25,914 [ERROR] Error while processing window.native.container: unable to get the value
2026-06-24 00:41:25,916 [ERROR] Error while processing window.native.parent_instance: unable to get the value
2026-06-24 00:41:25,916 [ERROR] Error while processing window.native.widget: unable to get the value
2026-06-24 00:41:30,658 [WARNING] OPEN_DIALOG is deprecated and will be removed in a future version. Use 'FileDialog.OPEN' instead.
2026-06-24 00:41:30,658 [WARNING] OPEN_DIALOG is deprecated and will be removed in a future version. Use 'FileDialog.OPEN' instead.
2026-06-24 00:41:30,737 [WARNING] OPEN_DIALOG is deprecated and will be removed in a future version. Use 'FileDialog.OPEN' instead.
2026-06-24 00:41:33,639 [WARNING] OPEN_DIALOG is deprecated and will be removed in a future version. Use 'FileDialog.OPEN' instead.
2026-06-24 00:41:33,653 [INFO] Ranking started — /media/janmejay/84BAC559BAC547FE1/Hackathon/test/Hackathon_Dump1/candidates.jsonl
2026-06-24 00:41:46,509 [INFO] Done — buffer 200, saved to /media/janmejay/84BAC559BAC547FE1/Hackathon/test/Hackathon_Dump1/output/top100_20260624_004146.csv
2026-06-24 00:41:46,545 [INFO] Honeypots removed: 18 → 100 clean candidates
2026-06-24 00:45:26,375 [ERROR] Error while processing window.native.bin: unable to get the value
2026-06-24 00:45:26,376 [ERROR] Error while processing window.native.container: unable to get the value
2026-06-24 00:45:26,377 [ERROR] Error while processing window.native.parent_instance: unable to get the value
2026-06-24 00:45:26,377 [ERROR] Error while processing window.native.widget: unable to get the value
2026-06-24 00:46:36,438 [ERROR] Error while processing window.native.bin: unable to get the value
2026-06-24 00:46:36,438 [ERROR] Error while processing window.native.container: unable to get the value
2026-06-24 00:46:36,440 [ERROR] Error while processing window.native.parent_instance: unable to get the value
2026-06-24 00:46:36,440 [ERROR] Error while processing window.native.widget: unable to get the value
2026-06-24 00:48:15,842 [ERROR] Error while processing window.native.bin: unable to get the value
2026-06-24 00:48:15,843 [ERROR] Error while processing window.native.container: unable to get the value
2026-06-24 00:48:15,844 [ERROR] Error while processing window.native.parent_instance: unable to get the value
2026-06-24 00:48:15,845 [ERROR] Error while processing window.native.widget: unable to get the value
2026-06-24 00:50:21,633 [WARNING] OPEN_DIALOG is deprecated and will be removed in a future version. Use 'FileDialog.OPEN' instead.
2026-06-24 00:50:21,633 [WARNING] OPEN_DIALOG is deprecated and will be removed in a future version. Use 'FileDialog.OPEN' instead.
2026-06-24 00:50:21,712 [WARNING] OPEN_DIALOG is deprecated and will be removed in a future version. Use 'FileDialog.OPEN' instead.
2026-06-24 00:50:24,449 [WARNING] OPEN_DIALOG is deprecated and will be removed in a future version. Use 'FileDialog.OPEN' instead.
2026-06-24 00:50:24,463 [INFO] Ranking started — /media/janmejay/84BAC559BAC547FE1/Hackathon/test/Hackathon_Dump1/candidates.jsonl
2026-06-24 00:50:37,201 [INFO] Done — buffer 200, saved to /media/janmejay/84BAC559BAC547FE1/Hackathon/test/Hackathon_Dump1/output/top100_20260624_005037.csv
2026-06-24 00:50:37,238 [INFO] Honeypots removed: 18 → 100 clean candidates
2026-06-24 01:02:56,029 [ERROR] Error while processing window.native.bin: unable to get the value
2026-06-24 01:02:56,029 [ERROR] Error while processing window.native.container: unable to get the value
2026-06-24 01:02:56,030 [ERROR] Error while processing window.native.parent_instance: unable to get the value
2026-06-24 01:02:56,031 [ERROR] Error while processing window.native.widget: unable to get the value
2026-06-24 01:02:58,226 [WARNING] OPEN_DIALOG is deprecated and will be removed in a future version. Use 'FileDialog.OPEN' instead.
2026-06-24 01:02:58,227 [WARNING] OPEN_DIALOG is deprecated and will be removed in a future version. Use 'FileDialog.OPEN' instead.
2026-06-24 01:02:58,303 [WARNING] OPEN_DIALOG is deprecated and will be removed in a future version. Use 'FileDialog.OPEN' instead.
2026-06-24 01:03:00,885 [WARNING] OPEN_DIALOG is deprecated and will be removed in a future version. Use 'FileDialog.OPEN' instead.
2026-06-24 01:03:00,897 [INFO] Ranking started — /media/janmejay/84BAC559BAC547FE1/Hackathon/test/Hackathon_Dump1/candidates.jsonl
2026-06-24 01:03:13,841 [INFO] Done — buffer 200, saved to /media/janmejay/84BAC559BAC547FE1/Hackathon/test/Hackathon_Dump1/output/top100_20260624_010313.csv
2026-06-24 01:03:13,880 [INFO] Honeypots removed: 18 → 100 clean candidates
2026-06-24 01:03:28,445 [INFO] Ranking started — /media/janmejay/84BAC559BAC547FE1/Hackathon/test/Hackathon_Dump1/candidates.jsonl
2026-06-24 01:03:41,677 [INFO] Done — buffer 200, saved to /media/janmejay/84BAC559BAC547FE1/Hackathon/test/Hackathon_Dump1/output/top100_20260624_010341.csv
2026-06-24 01:03:41,715 [INFO] Honeypots removed: 18 → 100 clean candidates
2026-06-24 01:03:46,938 [WARNING] OPEN_DIALOG is deprecated and will be removed in a future version. Use 'FileDialog.OPEN' instead.
2026-06-24 01:03:46,939 [WARNING] OPEN_DIALOG is deprecated and will be removed in a future version. Use 'FileDialog.OPEN' instead.
2026-06-24 01:03:46,971 [WARNING] OPEN_DIALOG is deprecated and will be removed in a future version. Use 'FileDialog.OPEN' instead.
2026-06-24 01:03:50,081 [WARNING] OPEN_DIALOG is deprecated and will be removed in a future version. Use 'FileDialog.OPEN' instead.
2026-06-24 01:03:50,091 [INFO] Ranking started — /media/janmejay/84BAC559BAC547FE1/Hackathon/test/Hackathon_Dump1/sample_candidates.json
2026-06-24 01:03:50,247 [INFO] Done — buffer 50, saved to /media/janmejay/84BAC559BAC547FE1/Hackathon/test/Hackathon_Dump1/output/top100_20260624_010350.csv
2026-06-24 01:03:50,259 [INFO] Honeypots removed: 23 → 27 clean candidates
2026-06-24 01:03:56,305 [INFO] Ranking started — /media/janmejay/84BAC559BAC547FE1/Hackathon/test/Hackathon_Dump1/candidates.jsonl
2026-06-24 01:04:04,634 [WARNING] OPEN_DIALOG is deprecated and will be removed in a future version. Use 'FileDialog.OPEN' instead.
2026-06-24 01:04:04,635 [WARNING] OPEN_DIALOG is deprecated and will be removed in a future version. Use 'FileDialog.OPEN' instead.
2026-06-24 01:04:04,681 [WARNING] OPEN_DIALOG is deprecated and will be removed in a future version. Use 'FileDialog.OPEN' instead.
2026-06-24 01:04:08,561 [WARNING] OPEN_DIALOG is deprecated and will be removed in a future version. Use 'FileDialog.OPEN' instead.
2026-06-24 01:04:08,572 [INFO] Ranking started — /media/janmejay/84BAC559BAC547FE1/Hackathon/test/Hackathon_Dump1/sample_candidates.json
2026-06-24 01:04:08,893 [INFO] Done — buffer 50, saved to /media/janmejay/84BAC559BAC547FE1/Hackathon/test/Hackathon_Dump1/output/top100_20260624_010408.csv
2026-06-24 01:04:08,902 [INFO] Honeypots removed: 23 → 27 clean candidates
2026-06-24 01:04:09,121 [INFO] Done — buffer 200, saved to /media/janmejay/84BAC559BAC547FE1/Hackathon/test/Hackathon_Dump1/output/top100_20260624_010409.csv
2026-06-24 01:04:09,155 [INFO] Honeypots removed: 18 → 100 clean candidates
2026-06-24 01:04:12,409 [INFO] Ranking started — /media/janmejay/84BAC559BAC547FE1/Hackathon/test/Hackathon_Dump1/candidates.jsonl
2026-06-24 01:04:33,606 [ERROR] Error while processing window.native.bin: unable to get the value
2026-06-24 01:04:33,606 [ERROR] Error while processing window.native.container: unable to get the value
2026-06-24 01:04:33,607 [ERROR] Error while processing window.native.parent_instance: unable to get the value
2026-06-24 01:04:33,608 [ERROR] Error while processing window.native.widget: unable to get the value
2026-06-24 01:04:35,626 [WARNING] OPEN_DIALOG is deprecated and will be removed in a future version. Use 'FileDialog.OPEN' instead.
2026-06-24 01:04:35,627 [WARNING] OPEN_DIALOG is deprecated and will be removed in a future version. Use 'FileDialog.OPEN' instead.
2026-06-24 01:04:35,716 [WARNING] OPEN_DIALOG is deprecated and will be removed in a future version. Use 'FileDialog.OPEN' instead.
2026-06-24 01:04:38,579 [WARNING] OPEN_DIALOG is deprecated and will be removed in a future version. Use 'FileDialog.OPEN' instead.
2026-06-24 01:04:38,593 [INFO] Ranking started — /media/janmejay/84BAC559BAC547FE1/Hackathon/test/Hackathon_Dump1/sample_candidates.json
2026-06-24 01:04:38,647 [INFO] Done — buffer 50, saved to /media/janmejay/84BAC559BAC547FE1/Hackathon/test/Hackathon_Dump1/output/top100_20260624_010438.csv
2026-06-24 01:04:38,661 [INFO] Honeypots removed: 23 → 27 clean candidates
2026-06-24 01:04:40,983 [INFO] Ranking started — /media/janmejay/84BAC559BAC547FE1/Hackathon/test/Hackathon_Dump1/candidates.jsonl
2026-06-24 01:04:53,656 [INFO] Done — buffer 200, saved to /media/janmejay/84BAC559BAC547FE1/Hackathon/test/Hackathon_Dump1/output/top100_20260624_010453.csv
2026-06-24 01:04:53,689 [INFO] Honeypots removed: 18 → 100 clean candidates
2026-06-24 01:05:21,796 [ERROR] Error while processing window.native.bin: unable to get the value
2026-06-24 01:05:21,797 [ERROR] Error while processing window.native.container: unable to get the value
2026-06-24 01:05:21,798 [ERROR] Error while processing window.native.parent_instance: unable to get the value
2026-06-24 01:05:21,798 [ERROR] Error while processing window.native.widget: unable to get the value
2026-06-24 01:05:23,675 [WARNING] OPEN_DIALOG is deprecated and will be removed in a future version. Use 'FileDialog.OPEN' instead.
2026-06-24 01:05:23,676 [WARNING] OPEN_DIALOG is deprecated and will be removed in a future version. Use 'FileDialog.OPEN' instead.
2026-06-24 01:05:23,761 [WARNING] OPEN_DIALOG is deprecated and will be removed in a future version. Use 'FileDialog.OPEN' instead.
2026-06-24 01:05:28,477 [WARNING] OPEN_DIALOG is deprecated and will be removed in a future version. Use 'FileDialog.OPEN' instead.
2026-06-24 01:05:28,490 [INFO] Ranking started — /media/janmejay/84BAC559BAC547FE1/Hackathon/test/Hackathon_Dump1/sample_candidates.json
2026-06-24 01:05:28,546 [INFO] Done — buffer 50, saved to /media/janmejay/84BAC559BAC547FE1/Hackathon/test/Hackathon_Dump1/output/top100_20260624_010528.csv
2026-06-24 01:05:28,562 [INFO] Honeypots removed: 23 → 27 clean candidates
2026-06-24 01:05:31,477 [INFO] Ranking started — /media/janmejay/84BAC559BAC547FE1/Hackathon/test/Hackathon_Dump1/candidates.jsonl
2026-06-24 01:05:31,478 [ERROR] Ranking failed: [Errno 2] No such file or directory: '/media/janmejay/84BAC559BAC547FE1/Hackathon/test/Hackathon_Dump1/candidates.jsonl'
Traceback (most recent call last):
  File "/media/janmejay/84BAC559BAC547FE1/Hackathon/test/Hackathon_Dump1/main.py", line 133, in _run_ranking
    tmp_path = _to_jsonl(file_path)
               ^^^^^^^^^^^^^^^^^^^^
  File "/media/janmejay/84BAC559BAC547FE1/Hackathon/test/Hackathon_Dump1/main.py", line 55, in _to_jsonl
    with open(src, encoding="utf-8") as f:
         ^^^^^^^^^^^^^^^^^^^^^^^^^^^
FileNotFoundError: [Errno 2] No such file or directory: '/media/janmejay/84BAC559BAC547FE1/Hackathon/test/Hackathon_Dump1/candidates.jsonl'
2026-06-24 01:06:40,135 [ERROR] Error while processing window.native.bin: unable to get the value
2026-06-24 01:06:40,135 [ERROR] Error while processing window.native.container: unable to get the value
2026-06-24 01:06:40,136 [ERROR] Error while processing window.native.parent_instance: unable to get the value
2026-06-24 01:06:40,137 [ERROR] Error while processing window.native.widget: unable to get the value
2026-06-24 01:09:07,382 [ERROR] Error while processing window.native.bin: unable to get the value
2026-06-24 01:09:07,383 [ERROR] Error while processing window.native.container: unable to get the value
2026-06-24 01:09:07,384 [ERROR] Error while processing window.native.parent_instance: unable to get the value
2026-06-24 01:09:07,386 [ERROR] Error while processing window.native.widget: unable to get the value
2026-06-24 01:09:40,354 [ERROR] Error while processing window.native.bin: unable to get the value
2026-06-24 01:09:40,354 [ERROR] Error while processing window.native.container: unable to get the value
2026-06-24 01:09:40,356 [ERROR] Error while processing window.native.parent_instance: unable to get the value
2026-06-24 01:09:40,356 [ERROR] Error while processing window.native.widget: unable to get the value
2026-06-24 01:46:59,863 [ERROR] Error while processing window.native.bin: unable to get the value
2026-06-24 01:46:59,864 [ERROR] Error while processing window.native.container: unable to get the value
2026-06-24 01:46:59,865 [ERROR] Error while processing window.native.parent_instance: unable to get the value
2026-06-24 01:46:59,866 [ERROR] Error while processing window.native.widget: unable to get the value
2026-06-24 01:47:02,141 [WARNING] OPEN_DIALOG is deprecated and will be removed in a future version. Use 'FileDialog.OPEN' instead.
2026-06-24 01:47:02,141 [WARNING] OPEN_DIALOG is deprecated and will be removed in a future version. Use 'FileDialog.OPEN' instead.
2026-06-24 01:47:02,222 [WARNING] OPEN_DIALOG is deprecated and will be removed in a future version. Use 'FileDialog.OPEN' instead.
2026-06-24 01:47:04,422 [WARNING] OPEN_DIALOG is deprecated and will be removed in a future version. Use 'FileDialog.OPEN' instead.
2026-06-24 01:47:04,435 [INFO] Ranking started — /media/janmejay/84BAC559BAC547FE1/Hackathon/test/Hackathon_Dump1/sample_candidates.json
2026-06-24 01:47:04,487 [INFO] Done — buffer 50, saved to /media/janmejay/84BAC559BAC547FE1/Hackathon/test/Hackathon_Dump1/output/top100_20260624_014704.csv
2026-06-24 01:47:04,501 [INFO] Honeypots removed: 23 → 27 clean candidates
2026-06-24 01:47:06,724 [INFO] Ranking started — /media/janmejay/84BAC559BAC547FE1/Hackathon/test/Hackathon_Dump1/candidates.jsonl
2026-06-24 01:47:06,726 [ERROR] Ranking failed: [Errno 2] No such file or directory: '/media/janmejay/84BAC559BAC547FE1/Hackathon/test/Hackathon_Dump1/candidates.jsonl'
Traceback (most recent call last):
  File "/media/janmejay/84BAC559BAC547FE1/Hackathon/test/Hackathon_Dump1/main.py", line 133, in _run_ranking
    tmp_path = _to_jsonl(file_path)
               ^^^^^^^^^^^^^^^^^^^^
  File "/media/janmejay/84BAC559BAC547FE1/Hackathon/test/Hackathon_Dump1/main.py", line 55, in _to_jsonl
    with open(src, encoding="utf-8") as f:
         ^^^^^^^^^^^^^^^^^^^^^^^^^^^
FileNotFoundError: [Errno 2] No such file or directory: '/media/janmejay/84BAC559BAC547FE1/Hackathon/test/Hackathon_Dump1/candidates.jsonl'
2026-06-24 01:48:39,178 [ERROR] Error while processing window.native.bin: unable to get the value
2026-06-24 01:48:39,178 [ERROR] Error while processing window.native.container: unable to get the value
2026-06-24 01:48:39,179 [ERROR] Error while processing window.native.parent_instance: unable to get the value
2026-06-24 01:48:39,180 [ERROR] Error while processing window.native.widget: unable to get the value
